0 info it worked if it ends with ok
1 verbose cli [ '/usr/bin/nodejs', '/usr/bin/npm', 'start' ]
2 info using npm@3.10.10
3 info using node@v6.11.0
4 verbose run-script [ 'prestart', 'start', 'poststart' ]
5 info lifecycle vue-demo@0.0.1~prestart: vue-demo@0.0.1
6 silly lifecycle vue-demo@0.0.1~prestart: no script for prestart, continuing
7 info lifecycle vue-demo@0.0.1~start: vue-demo@0.0.1
8 verbose lifecycle vue-demo@0.0.1~start: unsafe-perm in lifecycle true
9 verbose lifecycle vue-demo@0.0.1~start: PATH: /usr/lib/node_modules/npm/bin/node-gyp-bin:/home/yunyi/My/vue-demo/node_modules/.bin:/home/yunyi/bin:/home/yunyi/.local/bin:/usr/local/sbin:/usr/local/bin:/usr/sbin:/usr/bin:/sbin:/bin:/usr/games:/usr/local/games:/snap/bin
10 verbose lifecycle vue-demo@0.0.1~start: CWD: /home/yunyi/My/vue-demo
11 silly lifecycle vue-demo@0.0.1~start: Args: [ '-c',
11 silly lifecycle   'NODE_ENV=development webpack-dev-server --inline --hot' ]
12 silly lifecycle vue-demo@0.0.1~start: Returned: code: 1  signal: null
13 info lifecycle vue-demo@0.0.1~start: Failed to exec start script
14 verbose stack Error: vue-demo@0.0.1 start: `NODE_ENV=development webpack-dev-server --inline --hot`
14 verbose stack Exit status 1
14 verbose stack     at EventEmitter.<anonymous> (/usr/lib/node_modules/npm/lib/utils/lifecycle.js:255:16)
14 verbose stack     at emitTwo (events.js:106:13)
14 verbose stack     at EventEmitter.emit (events.js:191:7)
14 verbose stack     at ChildProcess.<anonymous> (/usr/lib/node_modules/npm/lib/utils/spawn.js:40:14)
14 verbose stack     at emitTwo (events.js:106:13)
14 verbose stack     at ChildProcess.emit (events.js:191:7)
14 verbose stack     at maybeClose (internal/child_process.js:891:16)
14 verbose stack     at Process.ChildProcess._handle.onexit (internal/child_process.js:226:5)
15 verbose pkgid vue-demo@0.0.1
16 verbose cwd /home/yunyi/My/vue-demo
17 error Linux 4.8.0-36-generic
18 error argv "/usr/bin/nodejs" "/usr/bin/npm" "start"
19 error node v6.11.0
20 error npm  v3.10.10
21 error code ELIFECYCLE
22 error vue-demo@0.0.1 start: `NODE_ENV=development webpack-dev-server --inline --hot`
22 error Exit status 1
23 error Failed at the vue-demo@0.0.1 start script 'NODE_ENV=development webpack-dev-server --inline --hot'.
23 error Make sure you have the latest version of node.js and npm installed.
23 error If you do, this is most likely a problem with the vue-demo package,
23 error not with npm itself.
23 error Tell the author that this fails on your system:
23 error     NODE_ENV=development webpack-dev-server --inline --hot
23 error You can get information on how to open an issue for this project with:
23 error     npm bugs vue-demo
23 error Or if that isn't available, you can get their info via:
23 error     npm owner ls vue-demo
23 error There is likely additional logging output above.
24 verbose exit [ 1, true ]
